2010-10-21 06:14:40 (UTC)	2 Warning	mkdir() [<a href='function.mkdir'>function.mkdir</a>]: Invalid argument	File: fns_tinybrowser.php	Line: 5	
2010-10-21 06:14:40 (UTC)	2 Warning	mkdir() [<a href='function.mkdir'>function.mkdir</a>]: Invalid argument	File: fns_tinybrowser.php	Line: 5	
2010-10-21 06:14:40 (UTC)	2 Warning	mkdir() [<a href='function.mkdir'>function.mkdir</a>]: Invalid argument	File: fns_tinybrowser.php	Line: 5	
2010-10-21 06:14:40 (UTC)	2 Warning	mkdir() [<a href='function.mkdir'>function.mkdir</a>]: Invalid argument	File: fns_tinybrowser.php	Line: 5	
2010-10-21 06:14:40 (UTC)	2 Warning	mkdir() [<a href='function.mkdir'>function.mkdir</a>]: Invalid argument	File: fns_tinybrowser.php	Line: 5	
2010-10-21 06:14:40 (UTC)	2 Warning	mkdir() [<a href='function.mkdir'>function.mkdir</a>]: Invalid argument	File: fns_tinybrowser.php	Line: 5	
2010-10-21 06:14:40 (UTC)	2 Warning	opendir(D:/xampp/htdocsD:/xampp/htdocs/staticpage/images/images/) [<a href='function.opendir'>function.opendir</a>]: failed to open dir: Invalid argument	File: fns_tinybrowser.php	Line: 363	
2010-10-21 06:14:40 (UTC)	2 Warning	readdir(): supplied argument is not a valid Directory resource	File: fns_tinybrowser.php	Line: 364	
2010-10-21 06:14:40 (UTC)	2 Warning	closedir(): supplied argument is not a valid Directory resource	File: fns_tinybrowser.php	Line: 380	
2010-10-21 06:17:14 (UTC)	2 Warning	mkdir() [<a href='function.mkdir'>function.mkdir</a>]: Invalid argument	File: fns_tinybrowser.php	Line: 5	
2010-10-21 06:17:14 (UTC)	2 Warning	mkdir() [<a href='function.mkdir'>function.mkdir</a>]: Invalid argument	File: fns_tinybrowser.php	Line: 5	
2010-10-21 06:17:14 (UTC)	2 Warning	mkdir() [<a href='function.mkdir'>function.mkdir</a>]: Invalid argument	File: fns_tinybrowser.php	Line: 5	
2010-10-21 06:17:14 (UTC)	2 Warning	mkdir() [<a href='function.mkdir'>function.mkdir</a>]: Invalid argument	File: fns_tinybrowser.php	Line: 5	
2010-10-21 06:17:14 (UTC)	2 Warning	mkdir() [<a href='function.mkdir'>function.mkdir</a>]: Invalid argument	File: fns_tinybrowser.php	Line: 5	
2010-10-21 06:17:14 (UTC)	2 Warning	mkdir() [<a href='function.mkdir'>function.mkdir</a>]: Invalid argument	File: fns_tinybrowser.php	Line: 5	
2010-10-21 06:17:14 (UTC)	2 Warning	mkdir() [<a href='function.mkdir'>function.mkdir</a>]: Invalid argument	File: fns_tinybrowser.php	Line: 5	
2010-10-21 06:17:14 (UTC)	2 Warning	mkdir() [<a href='function.mkdir'>function.mkdir</a>]: Invalid argument	File: fns_tinybrowser.php	Line: 5	
2010-10-21 06:17:14 (UTC)	2 Warning	mkdir() [<a href='function.mkdir'>function.mkdir</a>]: Invalid argument	File: fns_tinybrowser.php	Line: 5	
2010-10-21 06:17:14 (UTC)	2 Warning	mkdir() [<a href='function.mkdir'>function.mkdir</a>]: Invalid argument	File: fns_tinybrowser.php	Line: 5	
2010-10-21 06:17:14 (UTC)	2 Warning	mkdir() [<a href='function.mkdir'>function.mkdir</a>]: Invalid argument	File: fns_tinybrowser.php	Line: 5	
2010-10-21 06:17:14 (UTC)	2 Warning	mkdir() [<a href='function.mkdir'>function.mkdir</a>]: Invalid argument	File: fns_tinybrowser.php	Line: 5	
2010-10-21 06:17:14 (UTC)	2 Warning	mkdir() [<a href='function.mkdir'>function.mkdir</a>]: Invalid argument	File: fns_tinybrowser.php	Line: 5	
2010-10-21 06:17:14 (UTC)	2 Warning	mkdir() [<a href='function.mkdir'>function.mkdir</a>]: Invalid argument	File: fns_tinybrowser.php	Line: 5	
2010-10-21 06:17:14 (UTC)	2 Warning	mkdir() [<a href='function.mkdir'>function.mkdir</a>]: Invalid argument	File: fns_tinybrowser.php	Line: 5	
2010-10-21 06:17:14 (UTC)	2 Warning	opendir(D:/xampp/htdocsD:\xampp\htdocs\oohba\js\tiny_mce\plugins\tinybrowser/../../../../upload/images/images/) [<a href='function.opendir'>function.opendir</a>]: failed to open dir: Invalid argument	File: fns_tinybrowser.php	Line: 363	
2010-10-21 06:17:14 (UTC)	2 Warning	readdir(): supplied argument is not a valid Directory resource	File: fns_tinybrowser.php	Line: 364	
2010-10-21 06:17:14 (UTC)	2 Warning	closedir(): supplied argument is not a valid Directory resource	File: fns_tinybrowser.php	Line: 380	
2010-10-21 06:18:00 (UTC)	2 Warning	mkdir() [<a href='function.mkdir'>function.mkdir</a>]: Invalid argument	File: fns_tinybrowser.php	Line: 5	
2010-10-21 06:18:00 (UTC)	2 Warning	mkdir() [<a href='function.mkdir'>function.mkdir</a>]: Invalid argument	File: fns_tinybrowser.php	Line: 5	
2010-10-21 06:18:00 (UTC)	2 Warning	mkdir() [<a href='function.mkdir'>function.mkdir</a>]: Invalid argument	File: fns_tinybrowser.php	Line: 5	
2010-10-21 06:18:00 (UTC)	2 Warning	mkdir() [<a href='function.mkdir'>function.mkdir</a>]: Invalid argument	File: fns_tinybrowser.php	Line: 5	
2010-10-21 06:18:00 (UTC)	2 Warning	mkdir() [<a href='function.mkdir'>function.mkdir</a>]: Invalid argument	File: fns_tinybrowser.php	Line: 5	
2010-10-21 06:18:00 (UTC)	2 Warning	mkdir() [<a href='function.mkdir'>function.mkdir</a>]: Invalid argument	File: fns_tinybrowser.php	Line: 5	
2010-10-21 06:18:00 (UTC)	2 Warning	mkdir() [<a href='function.mkdir'>function.mkdir</a>]: Invalid argument	File: fns_tinybrowser.php	Line: 5	
2010-10-21 06:18:00 (UTC)	2 Warning	mkdir() [<a href='function.mkdir'>function.mkdir</a>]: Invalid argument	File: fns_tinybrowser.php	Line: 5	
2010-10-21 06:18:00 (UTC)	2 Warning	mkdir() [<a href='function.mkdir'>function.mkdir</a>]: Invalid argument	File: fns_tinybrowser.php	Line: 5	
2010-10-21 06:18:00 (UTC)	2 Warning	mkdir() [<a href='function.mkdir'>function.mkdir</a>]: Invalid argument	File: fns_tinybrowser.php	Line: 5	
2010-10-21 06:18:00 (UTC)	2 Warning	mkdir() [<a href='function.mkdir'>function.mkdir</a>]: Invalid argument	File: fns_tinybrowser.php	Line: 5	
2010-10-21 06:18:00 (UTC)	2 Warning	mkdir() [<a href='function.mkdir'>function.mkdir</a>]: Invalid argument	File: fns_tinybrowser.php	Line: 5	
2010-10-21 06:18:00 (UTC)	2 Warning	mkdir() [<a href='function.mkdir'>function.mkdir</a>]: Invalid argument	File: fns_tinybrowser.php	Line: 5	
2010-10-21 06:18:00 (UTC)	2 Warning	mkdir() [<a href='function.mkdir'>function.mkdir</a>]: Invalid argument	File: fns_tinybrowser.php	Line: 5	
2010-10-21 06:18:00 (UTC)	2 Warning	mkdir() [<a href='function.mkdir'>function.mkdir</a>]: Invalid argument	File: fns_tinybrowser.php	Line: 5	
2010-10-21 06:18:00 (UTC)	2 Warning	opendir(D:/xampp/htdocsD:\xampp\htdocs\oohba\js\tiny_mce\plugins\tinybrowser/../../../../upload/images/images/) [<a href='function.opendir'>function.opendir</a>]: failed to open dir: Invalid argument	File: fns_tinybrowser.php	Line: 363	
2010-10-21 06:18:00 (UTC)	2 Warning	readdir(): supplied argument is not a valid Directory resource	File: fns_tinybrowser.php	Line: 364	
2010-10-21 06:18:00 (UTC)	2 Warning	closedir(): supplied argument is not a valid Directory resource	File: fns_tinybrowser.php	Line: 380	
2010-10-21 06:18:14 (UTC)	2 Warning	opendir(D:/xampp/htdocsD:\xampp\htdocs\oohba\js\tiny_mce\plugins\tinybrowser/../../../../upload/images/images/) [<a href='function.opendir'>function.opendir</a>]: failed to open dir: Invalid argument	File: fns_tinybrowser.php	Line: 363	
2010-10-21 06:18:14 (UTC)	2 Warning	readdir(): supplied argument is not a valid Directory resource	File: fns_tinybrowser.php	Line: 364	
2010-10-21 06:18:14 (UTC)	2 Warning	closedir(): supplied argument is not a valid Directory resource	File: fns_tinybrowser.php	Line: 380	
2010-10-21 06:18:17 (UTC)	2 Warning	mkdir() [<a href='function.mkdir'>function.mkdir</a>]: Invalid argument	File: fns_tinybrowser.php	Line: 5	
2010-10-21 06:18:17 (UTC)	2 Warning	mkdir() [<a href='function.mkdir'>function.mkdir</a>]: Invalid argument	File: fns_tinybrowser.php	Line: 5	
2010-10-21 06:18:17 (UTC)	2 Warning	mkdir() [<a href='function.mkdir'>function.mkdir</a>]: Invalid argument	File: fns_tinybrowser.php	Line: 5	
2010-10-21 06:18:17 (UTC)	2 Warning	mkdir() [<a href='function.mkdir'>function.mkdir</a>]: Invalid argument	File: fns_tinybrowser.php	Line: 5	
2010-10-21 06:18:17 (UTC)	2 Warning	mkdir() [<a href='function.mkdir'>function.mkdir</a>]: Invalid argument	File: fns_tinybrowser.php	Line: 5	
2010-10-21 06:18:17 (UTC)	2 Warning	mkdir() [<a href='function.mkdir'>function.mkdir</a>]: Invalid argument	File: fns_tinybrowser.php	Line: 5	
2010-10-21 06:18:17 (UTC)	2 Warning	mkdir() [<a href='function.mkdir'>function.mkdir</a>]: Invalid argument	File: fns_tinybrowser.php	Line: 5	
2010-10-21 06:18:17 (UTC)	2 Warning	mkdir() [<a href='function.mkdir'>function.mkdir</a>]: Invalid argument	File: fns_tinybrowser.php	Line: 5	
2010-10-21 06:18:17 (UTC)	2 Warning	mkdir() [<a href='function.mkdir'>function.mkdir</a>]: Invalid argument	File: fns_tinybrowser.php	Line: 5	
2010-10-21 06:18:17 (UTC)	2 Warning	mkdir() [<a href='function.mkdir'>function.mkdir</a>]: Invalid argument	File: fns_tinybrowser.php	Line: 5	
2010-10-21 06:18:17 (UTC)	2 Warning	mkdir() [<a href='function.mkdir'>function.mkdir</a>]: Invalid argument	File: fns_tinybrowser.php	Line: 5	
2010-10-21 06:18:17 (UTC)	2 Warning	mkdir() [<a href='function.mkdir'>function.mkdir</a>]: Invalid argument	File: fns_tinybrowser.php	Line: 5	
2010-10-21 06:18:17 (UTC)	2 Warning	mkdir() [<a href='function.mkdir'>function.mkdir</a>]: Invalid argument	File: fns_tinybrowser.php	Line: 5	
2010-10-21 06:18:17 (UTC)	2 Warning	mkdir() [<a href='function.mkdir'>function.mkdir</a>]: Invalid argument	File: fns_tinybrowser.php	Line: 5	
2010-10-21 06:18:17 (UTC)	2 Warning	mkdir() [<a href='function.mkdir'>function.mkdir</a>]: Invalid argument	File: fns_tinybrowser.php	Line: 5	
2010-10-21 06:18:17 (UTC)	2 Warning	opendir(D:/xampp/htdocsD:\xampp\htdocs\oohba\js\tiny_mce\plugins\tinybrowser/../../../../upload/images/images/) [<a href='function.opendir'>function.opendir</a>]: failed to open dir: Invalid argument	File: fns_tinybrowser.php	Line: 363	
2010-10-21 06:18:17 (UTC)	2 Warning	readdir(): supplied argument is not a valid Directory resource	File: fns_tinybrowser.php	Line: 364	
2010-10-21 06:18:17 (UTC)	2 Warning	closedir(): supplied argument is not a valid Directory resource	File: fns_tinybrowser.php	Line: 380	
2010-10-21 06:19:09 (UTC)	2 Warning	mkdir() [<a href='function.mkdir'>function.mkdir</a>]: Invalid argument	File: fns_tinybrowser.php	Line: 5	
2010-10-21 06:19:09 (UTC)	2 Warning	mkdir() [<a href='function.mkdir'>function.mkdir</a>]: Invalid argument	File: fns_tinybrowser.php	Line: 5	
2010-10-21 06:19:09 (UTC)	2 Warning	mkdir() [<a href='function.mkdir'>function.mkdir</a>]: Invalid argument	File: fns_tinybrowser.php	Line: 5	
2010-10-21 06:19:09 (UTC)	2 Warning	mkdir() [<a href='function.mkdir'>function.mkdir</a>]: Invalid argument	File: fns_tinybrowser.php	Line: 5	
2010-10-21 06:19:09 (UTC)	2 Warning	mkdir() [<a href='function.mkdir'>function.mkdir</a>]: Invalid argument	File: fns_tinybrowser.php	Line: 5	
2010-10-21 06:19:09 (UTC)	2 Warning	mkdir() [<a href='function.mkdir'>function.mkdir</a>]: Invalid argument	File: fns_tinybrowser.php	Line: 5	
2010-10-21 06:19:09 (UTC)	2 Warning	mkdir() [<a href='function.mkdir'>function.mkdir</a>]: Invalid argument	File: fns_tinybrowser.php	Line: 5	
2010-10-21 06:19:09 (UTC)	2 Warning	mkdir() [<a href='function.mkdir'>function.mkdir</a>]: Invalid argument	File: fns_tinybrowser.php	Line: 5	
2010-10-21 06:19:09 (UTC)	2 Warning	mkdir() [<a href='function.mkdir'>function.mkdir</a>]: Invalid argument	File: fns_tinybrowser.php	Line: 5	
2010-10-21 06:19:09 (UTC)	2 Warning	mkdir() [<a href='function.mkdir'>function.mkdir</a>]: Invalid argument	File: fns_tinybrowser.php	Line: 5	
2010-10-21 06:19:09 (UTC)	2 Warning	mkdir() [<a href='function.mkdir'>function.mkdir</a>]: Invalid argument	File: fns_tinybrowser.php	Line: 5	
2010-10-21 06:19:09 (UTC)	2 Warning	mkdir() [<a href='function.mkdir'>function.mkdir</a>]: Invalid argument	File: fns_tinybrowser.php	Line: 5	
2010-10-21 06:19:09 (UTC)	2 Warning	mkdir() [<a href='function.mkdir'>function.mkdir</a>]: Invalid argument	File: fns_tinybrowser.php	Line: 5	
2010-10-21 06:19:09 (UTC)	2 Warning	mkdir() [<a href='function.mkdir'>function.mkdir</a>]: Invalid argument	File: fns_tinybrowser.php	Line: 5	
2010-10-21 06:19:09 (UTC)	2 Warning	mkdir() [<a href='function.mkdir'>function.mkdir</a>]: Invalid argument	File: fns_tinybrowser.php	Line: 5	
2010-10-21 06:19:09 (UTC)	2 Warning	opendir(D:/xampp/htdocsD:\xampp\htdocs\oohba\js\tiny_mce\plugins\tinybrowser/../../../../upload/images/images/) [<a href='function.opendir'>function.opendir</a>]: failed to open dir: Invalid argument	File: fns_tinybrowser.php	Line: 363	
2010-10-21 06:19:09 (UTC)	2 Warning	readdir(): supplied argument is not a valid Directory resource	File: fns_tinybrowser.php	Line: 364	
2010-10-21 06:19:09 (UTC)	2 Warning	closedir(): supplied argument is not a valid Directory resource	File: fns_tinybrowser.php	Line: 380	
2010-10-21 06:19:41 (UTC)	2 Warning	mkdir() [<a href='function.mkdir'>function.mkdir</a>]: Invalid argument	File: fns_tinybrowser.php	Line: 5	
2010-10-21 06:19:41 (UTC)	2 Warning	mkdir() [<a href='function.mkdir'>function.mkdir</a>]: Invalid argument	File: fns_tinybrowser.php	Line: 5	
2010-10-21 06:19:41 (UTC)	2 Warning	mkdir() [<a href='function.mkdir'>function.mkdir</a>]: Invalid argument	File: fns_tinybrowser.php	Line: 5	
2010-10-21 06:19:41 (UTC)	2 Warning	mkdir() [<a href='function.mkdir'>function.mkdir</a>]: Invalid argument	File: fns_tinybrowser.php	Line: 5	
2010-10-21 06:19:41 (UTC)	2 Warning	mkdir() [<a href='function.mkdir'>function.mkdir</a>]: Invalid argument	File: fns_tinybrowser.php	Line: 5	
2010-10-21 06:19:41 (UTC)	2 Warning	mkdir() [<a href='function.mkdir'>function.mkdir</a>]: Invalid argument	File: fns_tinybrowser.php	Line: 5	
2010-10-21 06:19:41 (UTC)	2 Warning	mkdir() [<a href='function.mkdir'>function.mkdir</a>]: Invalid argument	File: fns_tinybrowser.php	Line: 5	
2010-10-21 06:19:41 (UTC)	2 Warning	mkdir() [<a href='function.mkdir'>function.mkdir</a>]: Invalid argument	File: fns_tinybrowser.php	Line: 5	
2010-10-21 06:19:41 (UTC)	2 Warning	mkdir() [<a href='function.mkdir'>function.mkdir</a>]: Invalid argument	File: fns_tinybrowser.php	Line: 5	
2010-10-21 06:19:41 (UTC)	2 Warning	mkdir() [<a href='function.mkdir'>function.mkdir</a>]: Invalid argument	File: fns_tinybrowser.php	Line: 5	
2010-10-21 06:19:41 (UTC)	2 Warning	mkdir() [<a href='function.mkdir'>function.mkdir</a>]: Invalid argument	File: fns_tinybrowser.php	Line: 5	
2010-10-21 06:19:41 (UTC)	2 Warning	mkdir() [<a href='function.mkdir'>function.mkdir</a>]: Invalid argument	File: fns_tinybrowser.php	Line: 5	
2010-10-21 06:19:41 (UTC)	2 Warning	mkdir() [<a href='function.mkdir'>function.mkdir</a>]: Invalid argument	File: fns_tinybrowser.php	Line: 5	
2010-10-21 06:19:41 (UTC)	2 Warning	mkdir() [<a href='function.mkdir'>function.mkdir</a>]: Invalid argument	File: fns_tinybrowser.php	Line: 5	
2010-10-21 06:19:41 (UTC)	2 Warning	mkdir() [<a href='function.mkdir'>function.mkdir</a>]: Invalid argument	File: fns_tinybrowser.php	Line: 5	
2010-10-21 06:19:41 (UTC)	2 Warning	opendir(D:/xampp/htdocsD:\xampp\htdocs\oohba\js\tiny_mce\plugins\tinybrowser/../../../../upload/images/images/) [<a href='function.opendir'>function.opendir</a>]: failed to open dir: Invalid argument	File: fns_tinybrowser.php	Line: 363	
2010-10-21 06:19:41 (UTC)	2 Warning	readdir(): supplied argument is not a valid Directory resource	File: fns_tinybrowser.php	Line: 364	
2010-10-21 06:19:41 (UTC)	2 Warning	closedir(): supplied argument is not a valid Directory resource	File: fns_tinybrowser.php	Line: 380	
2010-10-21 06:20:11 (UTC)	2 Warning	mkdir() [<a href='function.mkdir'>function.mkdir</a>]: Invalid argument	File: fns_tinybrowser.php	Line: 5	
2010-10-21 06:20:11 (UTC)	2 Warning	mkdir() [<a href='function.mkdir'>function.mkdir</a>]: Invalid argument	File: fns_tinybrowser.php	Line: 5	
2010-10-21 06:20:11 (UTC)	2 Warning	mkdir() [<a href='function.mkdir'>function.mkdir</a>]: Invalid argument	File: fns_tinybrowser.php	Line: 5	
2010-10-21 06:20:11 (UTC)	2 Warning	mkdir() [<a href='function.mkdir'>function.mkdir</a>]: Invalid argument	File: fns_tinybrowser.php	Line: 5	
2010-10-21 06:20:11 (UTC)	2 Warning	mkdir() [<a href='function.mkdir'>function.mkdir</a>]: Invalid argument	File: fns_tinybrowser.php	Line: 5	
2010-10-21 06:20:11 (UTC)	2 Warning	mkdir() [<a href='function.mkdir'>function.mkdir</a>]: Invalid argument	File: fns_tinybrowser.php	Line: 5	
2010-10-21 06:20:11 (UTC)	2 Warning	mkdir() [<a href='function.mkdir'>function.mkdir</a>]: Invalid argument	File: fns_tinybrowser.php	Line: 5	
2010-10-21 06:20:11 (UTC)	2 Warning	mkdir() [<a href='function.mkdir'>function.mkdir</a>]: Invalid argument	File: fns_tinybrowser.php	Line: 5	
2010-10-21 06:20:11 (UTC)	2 Warning	mkdir() [<a href='function.mkdir'>function.mkdir</a>]: Invalid argument	File: fns_tinybrowser.php	Line: 5	
2010-10-21 06:20:11 (UTC)	2 Warning	mkdir() [<a href='function.mkdir'>function.mkdir</a>]: Invalid argument	File: fns_tinybrowser.php	Line: 5	
2010-10-21 06:20:11 (UTC)	2 Warning	mkdir() [<a href='function.mkdir'>function.mkdir</a>]: Invalid argument	File: fns_tinybrowser.php	Line: 5	
2010-10-21 06:20:11 (UTC)	2 Warning	mkdir() [<a href='function.mkdir'>function.mkdir</a>]: Invalid argument	File: fns_tinybrowser.php	Line: 5	
2010-10-21 06:20:11 (UTC)	2 Warning	mkdir() [<a href='function.mkdir'>function.mkdir</a>]: Invalid argument	File: fns_tinybrowser.php	Line: 5	
2010-10-21 06:20:11 (UTC)	2 Warning	mkdir() [<a href='function.mkdir'>function.mkdir</a>]: Invalid argument	File: fns_tinybrowser.php	Line: 5	
2010-10-21 06:20:11 (UTC)	2 Warning	opendir(D:/xampp/htdocsD:\xampp\htdocs\oohba\js\tiny_mce\plugins\tinybrowser/../../../../upload/images/) [<a href='function.opendir'>function.opendir</a>]: failed to open dir: Invalid argument	File: fns_tinybrowser.php	Line: 363	
2010-10-21 06:20:11 (UTC)	2 Warning	readdir(): supplied argument is not a valid Directory resource	File: fns_tinybrowser.php	Line: 364	
2010-10-21 06:20:11 (UTC)	2 Warning	closedir(): supplied argument is not a valid Directory resource	File: fns_tinybrowser.php	Line: 380	
2010-10-21 06:20:31 (UTC)	2 Warning	mkdir() [<a href='function.mkdir'>function.mkdir</a>]: Invalid argument	File: fns_tinybrowser.php	Line: 5	
2010-10-21 06:20:31 (UTC)	2 Warning	mkdir() [<a href='function.mkdir'>function.mkdir</a>]: Invalid argument	File: fns_tinybrowser.php	Line: 5	
2010-10-21 06:20:31 (UTC)	2 Warning	mkdir() [<a href='function.mkdir'>function.mkdir</a>]: Invalid argument	File: fns_tinybrowser.php	Line: 5	
2010-10-21 06:20:31 (UTC)	2 Warning	mkdir() [<a href='function.mkdir'>function.mkdir</a>]: Invalid argument	File: fns_tinybrowser.php	Line: 5	
2010-10-21 06:20:31 (UTC)	2 Warning	mkdir() [<a href='function.mkdir'>function.mkdir</a>]: Invalid argument	File: fns_tinybrowser.php	Line: 5	
2010-10-21 06:20:31 (UTC)	2 Warning	mkdir() [<a href='function.mkdir'>function.mkdir</a>]: Invalid argument	File: fns_tinybrowser.php	Line: 5	
2010-10-21 06:20:31 (UTC)	2 Warning	mkdir() [<a href='function.mkdir'>function.mkdir</a>]: Invalid argument	File: fns_tinybrowser.php	Line: 5	
2010-10-21 06:20:31 (UTC)	2 Warning	mkdir() [<a href='function.mkdir'>function.mkdir</a>]: Invalid argument	File: fns_tinybrowser.php	Line: 5	
2010-10-21 06:20:31 (UTC)	2 Warning	mkdir() [<a href='function.mkdir'>function.mkdir</a>]: Invalid argument	File: fns_tinybrowser.php	Line: 5	
2010-10-21 06:20:31 (UTC)	2 Warning	mkdir() [<a href='function.mkdir'>function.mkdir</a>]: Invalid argument	File: fns_tinybrowser.php	Line: 5	
2010-10-21 06:20:31 (UTC)	2 Warning	mkdir() [<a href='function.mkdir'>function.mkdir</a>]: Invalid argument	File: fns_tinybrowser.php	Line: 5	
2010-10-21 06:20:31 (UTC)	2 Warning	mkdir() [<a href='function.mkdir'>function.mkdir</a>]: Invalid argument	File: fns_tinybrowser.php	Line: 5	
2010-10-21 06:20:31 (UTC)	2 Warning	mkdir() [<a href='function.mkdir'>function.mkdir</a>]: Invalid argument	File: fns_tinybrowser.php	Line: 5	
2010-10-21 06:20:31 (UTC)	2 Warning	mkdir() [<a href='function.mkdir'>function.mkdir</a>]: Invalid argument	File: fns_tinybrowser.php	Line: 5	
2010-10-21 06:20:31 (UTC)	2 Warning	opendir(D:/xampp/htdocsD:\xampp\htdocs\oohba\js\tiny_mce\plugins\tinybrowser/../../../../upload/images/) [<a href='function.opendir'>function.opendir</a>]: failed to open dir: Invalid argument	File: fns_tinybrowser.php	Line: 363	
2010-10-21 06:20:31 (UTC)	2 Warning	readdir(): supplied argument is not a valid Directory resource	File: fns_tinybrowser.php	Line: 364	
2010-10-21 06:20:32 (UTC)	2 Warning	closedir(): supplied argument is not a valid Directory resource	File: fns_tinybrowser.php	Line: 380	
2010-10-21 06:21:01 (UTC)	2 Warning	mkdir() [<a href='function.mkdir'>function.mkdir</a>]: Invalid argument	File: fns_tinybrowser.php	Line: 5	
2010-10-21 06:21:01 (UTC)	2 Warning	mkdir() [<a href='function.mkdir'>function.mkdir</a>]: Invalid argument	File: fns_tinybrowser.php	Line: 5	
2010-10-21 06:21:01 (UTC)	2 Warning	mkdir() [<a href='function.mkdir'>function.mkdir</a>]: Invalid argument	File: fns_tinybrowser.php	Line: 5	
2010-10-21 06:21:01 (UTC)	2 Warning	mkdir() [<a href='function.mkdir'>function.mkdir</a>]: Invalid argument	File: fns_tinybrowser.php	Line: 5	
2010-10-21 06:21:01 (UTC)	2 Warning	mkdir() [<a href='function.mkdir'>function.mkdir</a>]: Invalid argument	File: fns_tinybrowser.php	Line: 5	
2010-10-21 06:21:01 (UTC)	2 Warning	mkdir() [<a href='function.mkdir'>function.mkdir</a>]: Invalid argument	File: fns_tinybrowser.php	Line: 5	
2010-10-21 06:21:01 (UTC)	2 Warning	mkdir() [<a href='function.mkdir'>function.mkdir</a>]: Invalid argument	File: fns_tinybrowser.php	Line: 5	
2010-10-21 06:21:01 (UTC)	2 Warning	mkdir() [<a href='function.mkdir'>function.mkdir</a>]: Invalid argument	File: fns_tinybrowser.php	Line: 5	
2010-10-21 06:21:01 (UTC)	2 Warning	mkdir() [<a href='function.mkdir'>function.mkdir</a>]: Invalid argument	File: fns_tinybrowser.php	Line: 5	
2010-10-21 06:21:01 (UTC)	2 Warning	mkdir() [<a href='function.mkdir'>function.mkdir</a>]: Invalid argument	File: fns_tinybrowser.php	Line: 5	
2010-10-21 06:21:01 (UTC)	2 Warning	mkdir() [<a href='function.mkdir'>function.mkdir</a>]: Invalid argument	File: fns_tinybrowser.php	Line: 5	
2010-10-21 06:21:01 (UTC)	2 Warning	mkdir() [<a href='function.mkdir'>function.mkdir</a>]: Invalid argument	File: fns_tinybrowser.php	Line: 5	
2010-10-21 06:21:01 (UTC)	2 Warning	mkdir() [<a href='function.mkdir'>function.mkdir</a>]: Invalid argument	File: fns_tinybrowser.php	Line: 5	
2010-10-21 06:21:01 (UTC)	2 Warning	mkdir() [<a href='function.mkdir'>function.mkdir</a>]: Invalid argument	File: fns_tinybrowser.php	Line: 5	
2010-10-21 06:21:01 (UTC)	2 Warning	opendir(D:/xampp/htdocsD:\xampp\htdocs\oohba\js\tiny_mce\plugins\tinybrowser/../../../../upload/images) [<a href='function.opendir'>function.opendir</a>]: failed to open dir: Invalid argument	File: fns_tinybrowser.php	Line: 363	
2010-10-21 06:21:01 (UTC)	2 Warning	readdir(): supplied argument is not a valid Directory resource	File: fns_tinybrowser.php	Line: 364	
2010-10-21 06:21:01 (UTC)	2 Warning	closedir(): supplied argument is not a valid Directory resource	File: fns_tinybrowser.php	Line: 380	
2010-10-21 06:21:48 (UTC)	2 Warning	mkdir() [<a href='function.mkdir'>function.mkdir</a>]: Invalid argument	File: fns_tinybrowser.php	Line: 5	
2010-10-21 06:21:48 (UTC)	2 Warning	mkdir() [<a href='function.mkdir'>function.mkdir</a>]: Invalid argument	File: fns_tinybrowser.php	Line: 5	
2010-10-21 06:21:48 (UTC)	2 Warning	mkdir() [<a href='function.mkdir'>function.mkdir</a>]: Invalid argument	File: fns_tinybrowser.php	Line: 5	
2010-10-21 06:21:48 (UTC)	2 Warning	mkdir() [<a href='function.mkdir'>function.mkdir</a>]: Invalid argument	File: fns_tinybrowser.php	Line: 5	
2010-10-21 06:21:48 (UTC)	2 Warning	mkdir() [<a href='function.mkdir'>function.mkdir</a>]: Invalid argument	File: fns_tinybrowser.php	Line: 5	
2010-10-21 06:21:48 (UTC)	2 Warning	mkdir() [<a href='function.mkdir'>function.mkdir</a>]: Invalid argument	File: fns_tinybrowser.php	Line: 5	
2010-10-21 06:21:48 (UTC)	2 Warning	mkdir() [<a href='function.mkdir'>function.mkdir</a>]: Invalid argument	File: fns_tinybrowser.php	Line: 5	
2010-10-21 06:21:48 (UTC)	2 Warning	mkdir() [<a href='function.mkdir'>function.mkdir</a>]: Invalid argument	File: fns_tinybrowser.php	Line: 5	
2010-10-21 06:21:48 (UTC)	2 Warning	mkdir() [<a href='function.mkdir'>function.mkdir</a>]: Invalid argument	File: fns_tinybrowser.php	Line: 5	
2010-10-21 06:21:48 (UTC)	2 Warning	mkdir() [<a href='function.mkdir'>function.mkdir</a>]: Invalid argument	File: fns_tinybrowser.php	Line: 5	
2010-10-21 06:21:48 (UTC)	2 Warning	mkdir() [<a href='function.mkdir'>function.mkdir</a>]: Invalid argument	File: fns_tinybrowser.php	Line: 5	
2010-10-21 06:21:48 (UTC)	2 Warning	mkdir() [<a href='function.mkdir'>function.mkdir</a>]: Invalid argument	File: fns_tinybrowser.php	Line: 5	
2010-10-21 06:21:48 (UTC)	2 Warning	mkdir() [<a href='function.mkdir'>function.mkdir</a>]: Invalid argument	File: fns_tinybrowser.php	Line: 5	
2010-10-21 06:21:48 (UTC)	2 Warning	mkdir() [<a href='function.mkdir'>function.mkdir</a>]: Invalid argument	File: fns_tinybrowser.php	Line: 5	
2010-10-21 06:21:48 (UTC)	2 Warning	opendir(D:/xampp/htdocsD:\xampp\htdocs\oohba\js\tiny_mce\plugins\tinybrowser/../../../../upload/images/) [<a href='function.opendir'>function.opendir</a>]: failed to open dir: Invalid argument	File: fns_tinybrowser.php	Line: 363	
2010-10-21 06:21:48 (UTC)	2 Warning	readdir(): supplied argument is not a valid Directory resource	File: fns_tinybrowser.php	Line: 364	
2010-10-21 06:21:48 (UTC)	2 Warning	closedir(): supplied argument is not a valid Directory resource	File: fns_tinybrowser.php	Line: 380	
2010-10-21 06:22:13 (UTC)	2 Warning	opendir(D:/xampp/htdocsD:\xampp\htdocs\oohba\js\tiny_mce\plugins\tinybrowser/../../../../upload/images/) [<a href='function.opendir'>function.opendir</a>]: failed to open dir: Invalid argument	File: fns_tinybrowser.php	Line: 363	
2010-10-21 06:22:13 (UTC)	2 Warning	readdir(): supplied argument is not a valid Directory resource	File: fns_tinybrowser.php	Line: 364	
2010-10-21 06:22:14 (UTC)	2 Warning	closedir(): supplied argument is not a valid Directory resource	File: fns_tinybrowser.php	Line: 380	
2010-10-21 06:22:17 (UTC)	2 Warning	mkdir() [<a href='function.mkdir'>function.mkdir</a>]: Invalid argument	File: fns_tinybrowser.php	Line: 5	
2010-10-21 06:22:17 (UTC)	2 Warning	mkdir() [<a href='function.mkdir'>function.mkdir</a>]: Invalid argument	File: fns_tinybrowser.php	Line: 5	
2010-10-21 06:22:17 (UTC)	2 Warning	mkdir() [<a href='function.mkdir'>function.mkdir</a>]: Invalid argument	File: fns_tinybrowser.php	Line: 5	
2010-10-21 06:22:17 (UTC)	2 Warning	mkdir() [<a href='function.mkdir'>function.mkdir</a>]: Invalid argument	File: fns_tinybrowser.php	Line: 5	
2010-10-21 06:22:17 (UTC)	2 Warning	mkdir() [<a href='function.mkdir'>function.mkdir</a>]: Invalid argument	File: fns_tinybrowser.php	Line: 5	
2010-10-21 06:22:17 (UTC)	2 Warning	mkdir() [<a href='function.mkdir'>function.mkdir</a>]: Invalid argument	File: fns_tinybrowser.php	Line: 5	
2010-10-21 06:22:17 (UTC)	2 Warning	mkdir() [<a href='function.mkdir'>function.mkdir</a>]: Invalid argument	File: fns_tinybrowser.php	Line: 5	
2010-10-21 06:22:17 (UTC)	2 Warning	mkdir() [<a href='function.mkdir'>function.mkdir</a>]: Invalid argument	File: fns_tinybrowser.php	Line: 5	
2010-10-21 06:22:17 (UTC)	2 Warning	mkdir() [<a href='function.mkdir'>function.mkdir</a>]: Invalid argument	File: fns_tinybrowser.php	Line: 5	
2010-10-21 06:22:17 (UTC)	2 Warning	mkdir() [<a href='function.mkdir'>function.mkdir</a>]: Invalid argument	File: fns_tinybrowser.php	Line: 5	
2010-10-21 06:22:17 (UTC)	2 Warning	mkdir() [<a href='function.mkdir'>function.mkdir</a>]: Invalid argument	File: fns_tinybrowser.php	Line: 5	
2010-10-21 06:22:17 (UTC)	2 Warning	mkdir() [<a href='function.mkdir'>function.mkdir</a>]: Invalid argument	File: fns_tinybrowser.php	Line: 5	
2010-10-21 06:22:17 (UTC)	2 Warning	mkdir() [<a href='function.mkdir'>function.mkdir</a>]: Invalid argument	File: fns_tinybrowser.php	Line: 5	
2010-10-21 06:22:17 (UTC)	2 Warning	mkdir() [<a href='function.mkdir'>function.mkdir</a>]: Invalid argument	File: fns_tinybrowser.php	Line: 5	
2010-10-21 06:22:17 (UTC)	2 Warning	opendir(D:/xampp/htdocsD:\xampp\htdocs\oohba\js\tiny_mce\plugins\tinybrowser/../../../../upload/images/) [<a href='function.opendir'>function.opendir</a>]: failed to open dir: Invalid argument	File: fns_tinybrowser.php	Line: 363	
2010-10-21 06:22:17 (UTC)	2 Warning	readdir(): supplied argument is not a valid Directory resource	File: fns_tinybrowser.php	Line: 364	
2010-10-21 06:22:17 (UTC)	2 Warning	closedir(): supplied argument is not a valid Directory resource	File: fns_tinybrowser.php	Line: 380	
